Computing main repo mapping: 
Loading: 
Loading: 0 packages loaded
Analyzing: target //Obj:matrix_obj_test (1 packages loaded, 0 targets configured)
Analyzing: target //Obj:matrix_obj_test (1 packages loaded, 0 targets configured)

INFO: Analyzed target //Obj:matrix_obj_test (90 packages loaded, 520 targets configured).
INFO: From Linking Obj/matrix_obj_test:
ld: warning: object file (external/_main~conan_extension~gtest/lib/libgtest.a[2](gtest-all.cc.o)) was built for newer 'macOS' version (15.0) than being linked (11.0)
[13 / 14] Testing //Obj:matrix_obj_test; 0s darwin-sandbox
FAIL: //Obj:matrix_obj_test (see /private/var/tmp/_bazel_yincheangng/7b09d46fca209c01a4db898f3537b100/execroot/_main/bazel-out/darwin_arm64-fastbuild/testlogs/Obj/matrix_obj_test/test.log)
INFO: Found 1 test target...
Target //Obj:matrix_obj_test up-to-date:
  bazel-bin/Obj/matrix_obj_test
INFO: Elapsed time: 2.527s, Critical Path: 2.23s
INFO: 14 processes: 10 internal, 4 darwin-sandbox.
INFO: Build completed, 1 test FAILED, 14 total actions
//Obj:matrix_obj_test                                                    FAILED in 1.0s
  /private/var/tmp/_bazel_yincheangng/7b09d46fca209c01a4db898f3537b100/execroot/_main/bazel-out/darwin_arm64-fastbuild/testlogs/Obj/matrix_obj_test/test.log

Executed 1 out of 1 test: 1 fails locally.
INFO: Starting clean (this may take a while). Consider using --async if the clean takes more than several minutes.
